cdparanoia -A 
cdparanoia III release 10.2 (September 11, 2008)

Using cdda library version: 10.2
Using paranoia library version: 10.2
 

Attempting to set cdrom to full speed... 
	drive returned OK.

=================== Checking drive cache/timing behavior ===================

Seek/read timing:

	[56:47.37]: 
255562:1:67 255563:27:137 255590:27:156 255617:27:183 255644:27:215 255671:27:219 255698:27:219 255725:27:219 255752:27:219 255779:27:219 255806:27:219 255833:27:219 255860:27:219 255887:27:283 255914:27:219 255941:27:219 255968:27:219 255995:27:219 256022:27:219 256049:27:219 256076:27:219 256103:27:219 256130:27:219 256157:27:219 256184:27:219 256211:27:219 256238:27:219 256265:27:219 256292:27:219 256319:27:219 256346:27:219 256373:27:219 256400:27:219 256427:27:219 256454:27:219 256481:27:219 256508:27:219 256535:27:219 
	Initial seek latency (1000 sectors): 67ms
	Average read latency: 7.99ms/sector (raw speed: 1.7x)
	Read latency standard deviation: 0.76ms/sector
	[56:47.36]: 
255561:1:117 255562:27:219 255589:27:219 255616:27:219 255643:27:219 255670:27:219 255697:27:219 255724:27:219 255751:27:219 255778:27:219 255805:27:219 255832:27:219 255859:27:219 255886:27:219 255913:27:219 255940:27:219 255967:27:219 255994:27:219 256021:27:219 256048:27:219 256075:27:219 256102:27:219 256129:27:219 256156:27:219 256183:27:219 256210:27:219 256237:27:219 256264:27:219 256291:27:219 256318:27:219 256345:27:219 256372:27:219 256399:27:219 256426:27:283 256453:27:219 256480:27:219 256507:27:219 256534:27:219 
	Initial seek latency (1000 sectors): 117ms
	Average read latency: 8.18ms/sector (raw speed: 1.6x)
	Read latency standard deviation: 0.38ms/sector
	[56:47.35]: 
255560:1:117 255561:27:219 255588:27:347 255615:27:219 255642:27:219 255669:27:219 255696:27:219 255723:27:219 255750:27:219 255777:27:283 255804:27:219 255831:27:219 255858:27:219 255885:27:219 255912:27:219 255939:27:219 255966:27:219 255993:27:219 256020:27:219 256047:27:219 256074:27:219 256101:27:219 256128:27:219 256155:27:219 256182:27:219 256209:27:219 256236:27:219 256263:27:219 256290:27:219 256317:27:219 256344:27:219 256371:27:219 256398:27:219 256425:27:219 256452:27:219 256479:27:219 256506:27:219 256533:27:219 
	Initial seek latency (1000 sectors): 117ms
	Average read latency: 8.30ms/sector (raw speed: 1.6x)
	Read latency standard deviation: 0.85ms/sector
	[50:00.00]: 
225000:1:69 225001:27:152 225028:27:213 225055:27:213 225082:27:213 225109:27:213 225136:27:213 225163:27:213 225190:27:152 225217:27:213 225244:27:213 225271:27:213 225298:27:152 225325:27:213 225352:27:213 225379:27:213 225406:27:213 225433:27:213 225460:27:152 225487:27:213 225514:27:212 225541:27:213 225568:27:152 225595:27:213 225622:27:213 225649:27:213 225676:27:213 225703:27:213 225730:27:152 225757:27:213 225784:27:213 225811:27:213 225838:27:213 225865:27:213 225892:27:152 225919:27:213 225946:27:213 225973:27:152 
	Initial seek latency (1000 sectors): 69ms
	Average read latency: 7.40ms/sector (raw speed: 1.8x)
	Read latency standard deviation: 0.93ms/sector
	[40:00.00]: 
180000:1:71 180001:27:147 180028:27:203 180055:27:203 180082:27:203 180109:27:203 180136:27:203 180163:27:203 180190:27:203 180217:27:203 180244:27:203 180271:27:203 180298:27:203 180325:27:203 180352:27:203 180379:27:203 180406:27:203 180433:27:203 180460:27:204 180487:27:203 180514:27:203 180541:27:203 180568:27:203 180595:27:203 180622:27:203 180649:27:203 180676:27:203 180703:27:203 180730:27:203 180757:27:203 180784:27:203 180811:27:203 180838:27:203 180865:27:203 180892:27:203 180919:27:203 180946:27:203 180973:27:203 
	Initial seek latency (1000 sectors): 71ms
	Average read latency: 7.46ms/sector (raw speed: 1.8x)
	Read latency standard deviation: 0.34ms/sector
	[30:00.00]: 
135000:1:95 135001:27:192 135028:27:192 135055:27:142 135082:27:193 135109:27:192 135136:27:192 135163:27:192 135190:27:192 135217:27:192 135244:27:193 135271:27:192 135298:27:192 135325:27:192 135352:27:192 135379:27:192 135406:27:193 135433:27:192 135460:27:192 135487:27:192 135514:27:192 135541:27:192 135568:27:192 135595:27:192 135622:27:192 135649:27:192 135676:27:192 135703:27:193 135730:27:193 135757:27:192 135784:27:192 135811:27:193 135838:27:193 135865:27:192 135892:27:294 135919:27:192 135946:27:192 135973:27:192 
	Initial seek latency (1000 sectors): 95ms
	Average read latency: 7.17ms/sector (raw speed: 1.9x)
	Read latency standard deviation: 0.69ms/sector
	[20:00.00]: 
90000:1:85 90001:27:180 90028:27:181 90055:27:180 90082:27:180 90109:27:180 90136:27:180 90163:27:180 90190:27:180 90217:27:180 90244:27:181 90271:27:180 90298:27:180 90325:27:180 90352:27:180 90379:27:180 90406:27:181 90433:27:181 90460:27:180 90487:27:180 90514:27:181 90541:27:180 90568:27:180 90595:27:181 90622:27:180 90649:27:181 90676:27:181 90703:27:180 90730:27:181 90757:27:181 90784:27:181 90811:27:180 90838:27:181 90865:27:270 90892:27:180 90919:27:180 90946:27:181 90973:27:181 
	Initial seek latency (1000 sectors): 85ms
	Average read latency: 6.77ms/sector (raw speed: 2.0x)
	Read latency standard deviation: 0.54ms/sector
	[10:00.00]: 
45000:1:77 45001:27:167 45028:27:167 45055:27:167 45082:27:166 45109:27:167 45136:27:167 45163:27:167 45190:27:167 45217:27:166 45244:27:166 45271:27:167 45298:27:166 45325:27:167 45352:27:167 45379:27:166 45406:27:167 45433:27:167 45460:27:167 45487:27:167 45514:27:167 45541:27:166 45568:27:167 45595:27:167 45622:27:167 45649:27:166 45676:27:167 45703:27:167 45730:27:167 45757:27:167 45784:27:167 45811:27:167 45838:27:167 45865:27:167 45892:27:167 45919:27:167 45946:27:167 45973:27:167 
	Initial seek latency (1000 sectors): 77ms
	Average read latency: 6.18ms/sector (raw speed: 2.2x)
	Read latency standard deviation: 0.01ms/sector
	[00:00.00]: 
0:1:124 1:27:152 28:27:150 55:27:150 82:27:150 109:27:150 136:27:149 163:27:150 190:27:179 217:27:150 244:27:150 271:27:150 298:27:150 325:27:150 352:27:150 379:27:208 406:27:150 433:27:150 460:27:150 487:27:208 514:27:150 541:27:150 568:27:150 595:27:150 622:27:150 649:27:150 676:27:150 703:27:150 730:27:150 757:27:150 784:27:150 811:27:150 838:27:150 865:27:150 892:27:150 919:27:150 946:27:150 973:27:150 
	Initial seek latency (1000 sectors): 124ms
	Average read latency: 5.70ms/sector (raw speed: 2.3x)
	Read latency standard deviation: 0.51ms/sector

Analyzing cache behavior...
	Fast search for approximate cache size... 0 sectors            
		>>> fast_read=10:1:68 seek_read=10:1:58
		>>> fast_read=10:1:58 seek_read=10:1:58
		>>> fast_read=10:1:87 seek_read=10:1:87
		>>> fast_read=10:1:58 seek_read=10:1:58
		>>> fast_read=10:1:58 seek_read=10:1:58
		>>> fast_read=10:1:87 seek_read=10:1:58
		>>> fast_read=10:1:58 seek_read=10:1:58
		>>> fast_read=10:1:58 seek_read=10:1:87
		>>> fast_read=10:1:58 seek_read=10:1:58
		>>> fast_read=10:1:58 seek_read=10:1:58
		>>> fast_read=10:1:87 seek_read=10:1:58
		>>> fast_read=10:1:58 seek_read=10:1:58
		>>> fast_read=10:1:58 seek_read=10:1:87
		>>> fast_read=10:1:58 seek_read=10:1:58
		>>> fast_read=10:1:58 seek_read=10:1:58
	Slow verify for approximate cache size... 0 sectors
	Attempting to reduce read speed to 1x... drive said OK
		>>> slow_read=10:1:84 seek_read=10:1:58
		>>> slow_read=10:1:58 seek_read=10:1:58
		>>> slow_read=10:1:58 seek_read=10:1:87
		>>> slow_read=10:1:58 seek_read=10:1:58
		>>> slow_read=10:1:58 seek_read=10:1:58
		>>> slow_read=10:1:87 seek_read=10:1:58
		>>> slow_read=10:1:58 seek_read=10:1:58
		>>> slow_read=10:1:58 seek_read=10:1:87
		>>> slow_read=10:1:58 seek_read=10:1:58
		>>> slow_read=10:1:58 seek_read=10:1:58
	Drive does not cache nonlinear access                            

Drive tests OK with Paranoia.

